<?xml version="1.0" encoding="UTF-8"?>
<coverage generated="1660228262401" clover="3.2.0">
  <project timestamp="1660228262402" name="All files">
    <metrics statements="24" coveredstatements="12" conditionals="7" coveredconditionals="5" methods="9" coveredmethods="5" elements="40" coveredelements="22" complexity="0" loc="24" ncloc="24" packages="5" files="6" classes="6"/>
    <package name="src">
      <metrics statements="1" coveredstatements="1" conditionals="0" coveredconditionals="0" methods="0" coveredmethods="0"/>
      <file name="database.ts" path="/home/pedrosinx/desenvolvimento/driven/projetos/projeto22-askit-back/src/database.ts">
        <metrics statements="1" coveredstatements="1" conditionals="0" coveredconditionals="0" methods="0" coveredmethods="0"/>
        <line num="3" count="1" type="stmt"/>
      </file>
    </package>
    <package name="src.repositories">
      <metrics statements="4" coveredstatements="2" conditionals="0" coveredconditionals="0" methods="3" coveredmethods="1"/>
      <file name="authRepository.ts" path="/home/pedrosinx/desenvolvimento/driven/projetos/projeto22-askit-back/src/repositories/authRepository.ts">
        <metrics statements="4" coveredstatements="2" conditionals="0" coveredconditionals="0" methods="3" coveredmethods="1"/>
        <line num="5" count="2" type="stmt"/>
        <line num="9" count="0" type="stmt"/>
        <line num="13" count="0" type="stmt"/>
        <line num="22" count="1" type="stmt"/>
      </file>
    </package>
    <package name="src.services">
      <metrics statements="11" coveredstatements="3" conditionals="3" coveredconditionals="1" methods="2" coveredmethods="1"/>
      <file name="authService.ts" path="/home/pedrosinx/desenvolvimento/driven/projetos/projeto22-askit-back/src/services/authService.ts">
        <metrics statements="11" coveredstatements="3" conditionals="3" coveredconditionals="1" methods="2" coveredmethods="1"/>
        <line num="16" count="2" type="stmt"/>
        <line num="17" count="2" type="cond" truecount="1" falsecount="0"/>
        <line num="19" count="0" type="stmt"/>
        <line num="21" count="0" type="stmt"/>
        <line num="25" count="0" type="stmt"/>
        <line num="26" count="0" type="stmt"/>
        <line num="27" count="0" type="cond" truecount="0" falsecount="1"/>
        <line num="29" count="0" type="stmt"/>
        <line num="30" count="0" type="cond" truecount="0" falsecount="1"/>
        <line num="32" count="0" type="stmt"/>
        <line num="35" count="1" type="stmt"/>
      </file>
    </package>
    <package name="src.tests.factories">
      <metrics statements="5" coveredstatements="5" conditionals="4" coveredconditionals="4" methods="2" coveredmethods="2"/>
      <file name="userFactory.ts" path="/home/pedrosinx/desenvolvimento/driven/projetos/projeto22-askit-back/src/tests/factories/userFactory.ts">
        <metrics statements="5" coveredstatements="5" conditionals="4" coveredconditionals="4" methods="2" coveredmethods="2"/>
        <line num="4" count="1" type="stmt"/>
        <line num="5" count="1" type="stmt"/>
        <line num="14" count="3" type="stmt"/>
        <line num="15" count="3" type="stmt"/>
        <line num="25" count="1" type="stmt"/>
      </file>
    </package>
    <package name="src.utils">
      <metrics statements="3" coveredstatements="1" conditionals="0" coveredconditionals="0" methods="2" coveredmethods="1"/>
      <file name="encrypt.ts" path="/home/pedrosinx/desenvolvimento/driven/projetos/projeto22-askit-back/src/utils/encrypt.ts">
        <metrics statements="2" coveredstatements="0" conditionals="0" coveredconditionals="0" methods="1" coveredmethods="0"/>
        <line num="4" count="0" type="stmt"/>
        <line num="5" count="0" type="stmt"/>
      </file>
      <file name="throwError.ts" path="/home/pedrosinx/desenvolvimento/driven/projetos/projeto22-askit-back/src/utils/throwError.ts">
        <metrics statements="1" coveredstatements="1" conditionals="0" coveredconditionals="0" methods="1" coveredmethods="1"/>
        <line num="2" count="2" type="stmt"/>
      </file>
    </package>
  </project>
</coverage>
