{"/home/pedrosinx/desenvolvimento/driven/projetos/projeto22-askit-back/src/database.ts": {"path":"/home/pedrosinx/desenvolvimento/driven/projetos/projeto22-askit-back/src/database.ts","statementMap":{"0":{"start":{"line":3,"column":15},"end":{"line":3,"column":33}}},"fnMap":{},"branchMap":{},"s":{"0":1},"f":{},"b":{}}
,"/home/pedrosinx/desenvolvimento/driven/projetos/projeto22-askit-back/src/repositories/authRepository.ts": {"path":"/home/pedrosinx/desenvolvimento/driven/projetos/projeto22-askit-back/src/repositories/authRepository.ts","statementMap":{"0":{"start":{"line":5,"column":2},"end":{"line":5,"column":60}},"1":{"start":{"line":9,"column":2},"end":{"line":9,"column":57}},"2":{"start":{"line":13,"column":2},"end":{"line":19,"column":5}},"3":{"start":{"line":22,"column":30},"end":{"line":26,"column":null}}},"fnMap":{"0":{"name":"getUserByEmail","decl":{"start":{"line":4,"column":22},"end":{"line":4,"column":36}},"loc":{"start":{"line":4,"column":50},"end":{"line":6,"column":null}}},"1":{"name":"getUserById","decl":{"start":{"line":8,"column":22},"end":{"line":8,"column":33}},"loc":{"start":{"line":8,"column":44},"end":{"line":10,"column":null}}},"2":{"name":"insertUser","decl":{"start":{"line":12,"column":22},"end":{"line":12,"column":32}},"loc":{"start":{"line":12,"column":51},"end":{"line":20,"column":null}}}},"branchMap":{},"s":{"0":2,"1":0,"2":0,"3":1},"f":{"0":2,"1":0,"2":0},"b":{}}
,"/home/pedrosinx/desenvolvimento/driven/projetos/projeto22-askit-back/src/services/authService.ts": {"path":"/home/pedrosinx/desenvolvimento/driven/projetos/projeto22-askit-back/src/services/authService.ts","statementMap":{"0":{"start":{"line":16,"column":15},"end":{"line":16,"column":51}},"1":{"start":{"line":17,"column":2},"end":{"line":17,"column":60}},"2":{"start":{"line":17,"column":12},"end":{"line":17,"column":60}},"3":{"start":{"line":19,"column":2},"end":{"line":19,"column":79}},"4":{"start":{"line":21,"column":2},"end":{"line":21,"column":29}},"5":{"start":{"line":25,"column":30},"end":{"line":25,"column":38}},"6":{"start":{"line":26,"column":15},"end":{"line":26,"column":42}},"7":{"start":{"line":27,"column":2},"end":{"line":27,"column":62}},"8":{"start":{"line":27,"column":13},"end":{"line":27,"column":62}},"9":{"start":{"line":29,"column":28},"end":{"line":29,"column":71}},"10":{"start":{"line":30,"column":2},"end":{"line":30,"column":73}},"11":{"start":{"line":30,"column":26},"end":{"line":30,"column":73}},"12":{"start":{"line":32,"column":2},"end":{"line":32,"column":74}},"13":{"start":{"line":35,"column":27},"end":{"line":38,"column":2}}},"fnMap":{"0":{"name":"signUp","decl":{"start":{"line":15,"column":15},"end":{"line":15,"column":21}},"loc":{"start":{"line":15,"column":40},"end":{"line":22,"column":null}}},"1":{"name":"signIn","decl":{"start":{"line":24,"column":15},"end":{"line":24,"column":21}},"loc":{"start":{"line":24,"column":36},"end":{"line":33,"column":null}}}},"branchMap":{"0":{"loc":{"start":{"line":17,"column":2},"end":{"line":17,"column":60}},"type":"if","locations":[{"start":{"line":17,"column":2},"end":{"line":17,"column":60}}]},"1":{"loc":{"start":{"line":27,"column":2},"end":{"line":27,"column":62}},"type":"if","locations":[{"start":{"line":27,"column":2},"end":{"line":27,"column":62}}]},"2":{"loc":{"start":{"line":30,"column":2},"end":{"line":30,"column":73}},"type":"if","locations":[{"start":{"line":30,"column":2},"end":{"line":30,"column":73}}]}},"s":{"0":2,"1":2,"2":2,"3":0,"4":0,"5":0,"6":0,"7":0,"8":0,"9":0,"10":0,"11":0,"12":0,"13":1},"f":{"0":2,"1":0},"b":{"0":[2],"1":[0],"2":[0]}}
,"/home/pedrosinx/desenvolvimento/driven/projetos/projeto22-askit-back/src/tests/factories/userFactory.ts": {"path":"/home/pedrosinx/desenvolvimento/driven/projetos/projeto22-askit-back/src/tests/factories/userFactory.ts","statementMap":{"0":{"start":{"line":4,"column":19},"end":{"line":4,"column":58}},"1":{"start":{"line":5,"column":2},"end":{"line":10,"column":4}},"2":{"start":{"line":14,"column":19},"end":{"line":14,"column":58}},"3":{"start":{"line":15,"column":2},"end":{"line":22,"column":4}},"4":{"start":{"line":25,"column":20},"end":{"line":28,"column":2}}},"fnMap":{"0":{"name":"createLogin","decl":{"start":{"line":3,"column":9},"end":{"line":3,"column":20}},"loc":{"start":{"line":3,"column":71},"end":{"line":11,"column":1}}},"1":{"name":"createUser","decl":{"start":{"line":13,"column":9},"end":{"line":13,"column":19}},"loc":{"start":{"line":13,"column":70},"end":{"line":23,"column":1}}}},"branchMap":{"0":{"loc":{"start":{"line":3,"column":21},"end":{"line":3,"column":50}},"type":"default-arg","locations":[{"start":{"line":3,"column":29},"end":{"line":3,"column":50}}]},"1":{"loc":{"start":{"line":3,"column":52},"end":{"line":3,"column":71}},"type":"default-arg","locations":[{"start":{"line":3,"column":69},"end":{"line":3,"column":71}}]},"2":{"loc":{"start":{"line":13,"column":20},"end":{"line":13,"column":49}},"type":"default-arg","locations":[{"start":{"line":13,"column":28},"end":{"line":13,"column":49}}]},"3":{"loc":{"start":{"line":13,"column":51},"end":{"line":13,"column":70}},"type":"default-arg","locations":[{"start":{"line":13,"column":68},"end":{"line":13,"column":70}}]}},"s":{"0":1,"1":1,"2":3,"3":3,"4":1},"f":{"0":1,"1":3},"b":{"0":[1],"1":[1],"2":[3],"3":[3]}}
,"/home/pedrosinx/desenvolvimento/driven/projetos/projeto22-askit-back/src/utils/encrypt.ts": {"path":"/home/pedrosinx/desenvolvimento/driven/projetos/projeto22-askit-back/src/utils/encrypt.ts","statementMap":{"0":{"start":{"line":4,"column":21},"end":{"line":4,"column":23}},"1":{"start":{"line":5,"column":2},"end":{"line":5,"column":48}}},"fnMap":{"0":{"name":"encryptBcrypt","decl":{"start":{"line":3,"column":22},"end":{"line":3,"column":35}},"loc":{"start":{"line":3,"column":51},"end":{"line":6,"column":null}}}},"branchMap":{},"s":{"0":0,"1":0},"f":{"0":0},"b":{}}
,"/home/pedrosinx/desenvolvimento/driven/projetos/projeto22-askit-back/src/utils/throwError.ts": {"path":"/home/pedrosinx/desenvolvimento/driven/projetos/projeto22-askit-back/src/utils/throwError.ts","statementMap":{"0":{"start":{"line":2,"column":2},"end":{"line":5,"column":null}}},"fnMap":{"0":{"name":"throwError","decl":{"start":{"line":1,"column":24},"end":{"line":1,"column":34}},"loc":{"start":{"line":1,"column":64},"end":{"line":6,"column":1}}}},"branchMap":{},"s":{"0":2},"f":{"0":2},"b":{}}
}
