TN:
SF:src/database.ts
FNF:0
FNH:0
DA:3,1
LF:1
LH:1
BRF:0
BRH:0
end_of_record
TN:
SF:src/repositories/authRepository.ts
FN:4,getUserByEmail
FN:8,getUserById
FN:12,insertUser
FNF:3
FNH:1
FNDA:2,getUserByEmail
FNDA:0,getUserById
FNDA:0,insertUser
DA:5,2
DA:9,0
DA:13,0
DA:22,1
LF:4
LH:2
BRF:0
BRH:0
end_of_record
TN:
SF:src/services/authService.ts
FN:15,signUp
FN:24,signIn
FNF:2
FNH:1
FNDA:2,signUp
FNDA:0,signIn
DA:16,2
DA:17,2
DA:19,0
DA:21,0
DA:25,0
DA:26,0
DA:27,0
DA:29,0
DA:30,0
DA:32,0
DA:35,1
LF:11
LH:3
BRDA:17,0,0,2
BRDA:27,1,0,0
BRDA:30,2,0,0
BRF:3
BRH:1
end_of_record
TN:
SF:src/tests/factories/userFactory.ts
FN:3,createLogin
FN:13,createUser
FNF:2
FNH:2
FNDA:1,createLogin
FNDA:3,createUser
DA:4,1
DA:5,1
DA:14,3
DA:15,3
DA:25,1
LF:5
LH:5
BRDA:3,0,0,1
BRDA:3,1,0,1
BRDA:13,2,0,3
BRDA:13,3,0,3
BRF:4
BRH:4
end_of_record
TN:
SF:src/utils/encrypt.ts
FN:3,encryptBcrypt
FNF:1
FNH:0
FNDA:0,encryptBcrypt
DA:4,0
DA:5,0
LF:2
LH:0
BRF:0
BRH:0
end_of_record
TN:
SF:src/utils/throwError.ts
FN:1,throwError
FNF:1
FNH:1
FNDA:2,throwError
DA:2,2
LF:1
LH:1
BRF:0
BRH:0
end_of_record
